<?xml version="1.0" encoding="UTF-8" ?>
<testsuite tests="4" failures="0" name="ocularium.TemplateActionTest" time="1.874" errors="1" skipped="0">
  <properties>
[...]
</properties>
  <testcase classname="ocularium.TemplateActionTest" name="testCompanyHasEnoughEmpolyeesGetConstrainedClasses" time="1.827"/>
  <testcase classname="ocularium.TemplateActionTest" name="testCompanyHasEnoughEmpolyeesGetConstraints" time="0.021"/>
  <testcase classname="ocularium.TemplateActionTest" name="testCompanyHasEnoughEmpolyeesExportOclToString" time="0.022"/>
  <testcase classname="ocularium.TemplateActionTest" name="testWKChapter2ExportOclToString" time="0.004">
    <error type="com.change_vision.jude.api.inf.exception.ProjectLockedException">com.change_vision.jude.api.inf.exception.ProjectLockedException
	at yq.c(X:527)
	at yq.b(X:494)
	at yq.call(X:426)
	at java.util.concurrent.FutureTask.run(FutureTask.java:266)
	at java.awt.event.InvocationEvent.dispatch(InvocationEvent.java:311)
	at java.awt.EventQueue.dispatchEventImpl(EventQueue.java:744)
	at java.awt.EventQueue.access$400(EventQueue.java:97)
	at java.awt.EventQueue$3.run(EventQueue.java:697)
	at java.awt.EventQueue$3.run(EventQueue.java:691)
	at java.security.AccessController.doPrivileged(Native Method)
	at java.security.ProtectionDomain$1.doIntersectionPrivilege(ProtectionDomain.java:75)
	at java.awt.EventQueue.dispatchEvent(EventQueue.java:714)
	at java.awt.EventDispatchThread.pumpOneEventForFilters(EventDispatchThread.java:201)
	at java.awt.EventDispatchThread.pumpEventsForFilter(EventDispatchThread.java:116)
	at java.awt.EventDispatchThread.pumpEventsForHierarchy(EventDispatchThread.java:105)
	at java.awt.EventDispatchThread.pumpEvents(EventDispatchThread.java:101)
	at java.awt.EventDispatchThread.pumpEvents(EventDispatchThread.java:93)
	at java.awt.EventDispatchThread.run(EventDispatchThread.java:82)
</error>
  </testcase>
</testsuite>